<?xml version="1.0" encoding="UTF-8"?>
<testsuite xmlns:xsi="http://www.w3.org/2001/XMLSchema-instance" xsi:noNamespaceSchemaLocation="https://maven.apache.org/surefire/maven-surefire-plugin/xsd/surefire-test-report.xsd" name="com.atguigu.lease.web.app.service.impl.SmsServiceImplTest" time="6.823" tests="1" errors="0" skipped="0" failures="0">
  <properties>
    <property name="java.specification.version" value="17"/>
    <property name="sun.cpu.isalist" value="amd64"/>
    <property name="sun.jnu.encoding" value="GBK"/>
    <property name="java.class.path" value="D:\code\IdeaProjects\lease\web\web-app\target\test-classes;D:\code\IdeaProjects\lease\web\web-app\target\classes;D:\code\IdeaProjects\lease\common\target\common-1.0-SNAPSHOT.jar;D:\BaseTools\BaseTools\Maven\repository\com\baomidou\mybatis-plus-boot-starter\3.5.3.1\mybatis-plus-boot-starter-3.5.3.1.jar;D:\BaseTools\BaseTools\Maven\repository\com\baomidou\mybatis-plus\3.5.3.1\mybatis-plus-3.5.3.1.jar;D:\BaseTools\BaseTools\Maven\repository\com\baomidou\mybatis-plus-extension\3.5.3.1\mybatis-plus-extension-3.5.3.1.jar;D:\BaseTools\BaseTools\Maven\repository\com\baomidou\mybatis-plus-core\3.5.3.1\mybatis-plus-core-3.5.3.1.jar;D:\BaseTools\BaseTools\Maven\repository\com\baomidou\mybatis-plus-annotation\3.5.3.1\mybatis-plus-annotation-3.5.3.1.jar;D:\BaseTools\BaseTools\Maven\repository\com\github\jsqlparser\jsqlparser\4.4\jsqlparser-4.4.jar;D:\BaseTools\BaseTools\Maven\repository\org\mybatis\mybatis\3.5.10\mybatis-3.5.10.jar;D:\BaseTools\BaseTools\Maven\repository\org\mybatis\mybatis-spring\2.0.7\mybatis-spring-2.0.7.jar;D:\BaseTools\BaseTools\Maven\repository\org\springframework\boot\spring-boot-autoconfigure\3.0.5\spring-boot-autoconfigure-3.0.5.jar;D:\BaseTools\BaseTools\Maven\repository\org\springframework\boot\spring-boot-starter-jdbc\3.0.5\spring-boot-starter-jdbc-3.0.5.jar;D:\BaseTools\BaseTools\Maven\repository\com\zaxxer\HikariCP\5.0.1\HikariCP-5.0.1.jar;D:\BaseTools\BaseTools\Maven\repository\org\springframework\spring-jdbc\6.0.7\spring-jdbc-6.0.7.jar;D:\BaseTools\BaseTools\Maven\repository\com\mysql\mysql-connector-j\8.0.32\mysql-connector-j-8.0.32.jar;D:\BaseTools\BaseTools\Maven\repository\org\projectlombok\lombok\1.18.26\lombok-1.18.26.jar;D:\BaseTools\BaseTools\Maven\repository\io\minio\minio\8.2.0\minio-8.2.0.jar;D:\BaseTools\BaseTools\Maven\repository\com\carrotsearch\thirdparty\simple-xml-safe\2.7.1\simple-xml-safe-2.7.1.jar;D:\BaseTools\BaseTools\Maven\repository\com\google\guava\guava\29.0-jre\guava-29.0-jre.jar;D:\BaseTools\BaseTools\Maven\repository\com\google\guava\failureaccess\1.0.1\failureaccess-1.0.1.jar;D:\BaseTools\BaseTools\Maven\repository\com\google\guava\listenablefuture\9999.0-empty-to-avoid-conflict-with-guava\listenablefuture-9999.0-empty-to-avoid-conflict-with-guava.jar;D:\BaseTools\BaseTools\Maven\repository\com\google\code\findbugs\jsr305\3.0.2\jsr305-3.0.2.jar;D:\BaseTools\BaseTools\Maven\repository\org\checkerframework\checker-qual\2.11.1\checker-qual-2.11.1.jar;D:\BaseTools\BaseTools\Maven\repository\com\google\errorprone\error_prone_annotations\2.3.4\error_prone_annotations-2.3.4.jar;D:\BaseTools\BaseTools\Maven\repository\com\google\j2objc\j2objc-annotations\1.3\j2objc-annotations-1.3.jar;D:\BaseTools\BaseTools\Maven\repository\com\squareup\okhttp3\okhttp\4.10.0\okhttp-4.10.0.jar;D:\BaseTools\BaseTools\Maven\repository\com\squareup\okio\okio-jvm\3.0.0\okio-jvm-3.0.0.jar;D:\BaseTools\BaseTools\Maven\repository\org\jetbrains\kotlin\kotlin-stdlib-jdk8\1.7.22\kotlin-stdlib-jdk8-1.7.22.jar;D:\BaseTools\BaseTools\Maven\repository\org\jetbrains\kotlin\kotlin-stdlib-jdk7\1.7.22\kotlin-stdlib-jdk7-1.7.22.jar;D:\BaseTools\BaseTools\Maven\repository\org\jetbrains\kotlin\kotlin-stdlib-common\1.7.22\kotlin-stdlib-common-1.7.22.jar;D:\BaseTools\BaseTools\Maven\repository\org\jetbrains\kotlin\kotlin-stdlib\1.7.22\kotlin-stdlib-1.7.22.jar;D:\BaseTools\BaseTools\Maven\repository\org\jetbrains\annotations\13.0\annotations-13.0.jar;D:\BaseTools\BaseTools\Maven\repository\com\fasterxml\jackson\core\jackson-annotations\2.14.2\jackson-annotations-2.14.2.jar;D:\BaseTools\BaseTools\Maven\repository\com\fasterxml\jackson\core\jackson-core\2.14.2\jackson-core-2.14.2.jar;D:\BaseTools\BaseTools\Maven\repository\com\fasterxml\jackson\core\jackson-databind\2.14.2\jackson-databind-2.14.2.jar;D:\BaseTools\BaseTools\Maven\repository\commons-codec\commons-codec\1.15\commons-codec-1.15.jar;D:\BaseTools\BaseTools\Maven\repository\com\github\whvcse\easy-captcha\1.6.2\easy-captcha-1.6.2.jar;D:\BaseTools\BaseTools\Maven\repository\org\springframework\boot\spring-boot-starter-data-redis\3.0.5\spring-boot-starter-data-redis-3.0.5.jar;D:\BaseTools\BaseTools\Maven\repository\org\springframework\data\spring-data-redis\3.0.4\spring-data-redis-3.0.4.jar;D:\BaseTools\BaseTools\Maven\repository\org\springframework\data\spring-data-keyvalue\3.0.4\spring-data-keyvalue-3.0.4.jar;D:\BaseTools\BaseTools\Maven\repository\org\springframework\data\spring-data-commons\3.0.4\spring-data-commons-3.0.4.jar;D:\BaseTools\BaseTools\Maven\repository\org\springframework\spring-tx\6.0.7\spring-tx-6.0.7.jar;D:\BaseTools\BaseTools\Maven\repository\org\springframework\spring-oxm\6.0.7\spring-oxm-6.0.7.jar;D:\BaseTools\BaseTools\Maven\repository\org\springframework\spring-context-support\6.0.7\spring-context-support-6.0.7.jar;D:\BaseTools\BaseTools\Maven\repository\io\lettuce\lettuce-core\6.2.3.RELEASE\lettuce-core-6.2.3.RELEASE.jar;D:\BaseTools\BaseTools\Maven\repository\io\netty\netty-common\4.1.90.Final\netty-common-4.1.90.Final.jar;D:\BaseTools\BaseTools\Maven\repository\io\netty\netty-handler\4.1.90.Final\netty-handler-4.1.90.Final.jar;D:\BaseTools\BaseTools\Maven\repository\io\netty\netty-resolver\4.1.90.Final\netty-resolver-4.1.90.Final.jar;D:\BaseTools\BaseTools\Maven\repository\io\netty\netty-buffer\4.1.90.Final\netty-buffer-4.1.90.Final.jar;D:\BaseTools\BaseTools\Maven\repository\io\netty\netty-transport-native-unix-common\4.1.90.Final\netty-transport-native-unix-common-4.1.90.Final.jar;D:\BaseTools\BaseTools\Maven\repository\io\netty\netty-codec\4.1.90.Final\netty-codec-4.1.90.Final.jar;D:\BaseTools\BaseTools\Maven\repository\io\netty\netty-transport\4.1.90.Final\netty-transport-4.1.90.Final.jar;D:\BaseTools\BaseTools\Maven\repository\io\projectreactor\reactor-core\3.5.4\reactor-core-3.5.4.jar;D:\BaseTools\BaseTools\Maven\repository\org\reactivestreams\reactive-streams\1.0.4\reactive-streams-1.0.4.jar;D:\BaseTools\BaseTools\Maven\repository\io\jsonwebtoken\jjwt-api\0.11.2\jjwt-api-0.11.2.jar;D:\BaseTools\BaseTools\Maven\repository\io\jsonwebtoken\jjwt-impl\0.11.2\jjwt-impl-0.11.2.jar;D:\BaseTools\BaseTools\Maven\repository\io\jsonwebtoken\jjwt-jackson\0.11.2\jjwt-jackson-0.11.2.jar;D:\BaseTools\BaseTools\Maven\repository\com\aliyun\dysmsapi20170525\2.0.23\dysmsapi20170525-2.0.23.jar;D:\BaseTools\BaseTools\Maven\repository\com\aliyun\tea-util\0.2.16\tea-util-0.2.16.jar;D:\BaseTools\BaseTools\Maven\repository\com\google\code\gson\gson\2.9.1\gson-2.9.1.jar;D:\BaseTools\BaseTools\Maven\repository\com\aliyun\endpoint-util\0.0.7\endpoint-util-0.0.7.jar;D:\BaseTools\BaseTools\Maven\repository\com\aliyun\tea\1.2.0\tea-1.2.0.jar;D:\BaseTools\BaseTools\Maven\repository\org\jacoco\org.jacoco.agent\0.8.4\org.jacoco.agent-0.8.4-runtime.jar;D:\BaseTools\BaseTools\Maven\repository\com\aliyun\tea-openapi\0.2.8\tea-openapi-0.2.8.jar;D:\BaseTools\BaseTools\Maven\repository\com\aliyun\credentials-java\0.2.4\credentials-java-0.2.4.jar;D:\BaseTools\BaseTools\Maven\repository\org\ini4j\ini4j\0.5.4\ini4j-0.5.4.jar;D:\BaseTools\BaseTools\Maven\repository\javax\xml\bind\jaxb-api\2.3.0\jaxb-api-2.3.0.jar;D:\BaseTools\BaseTools\Maven\repository\com\sun\xml\bind\jaxb-core\4.0.2\jaxb-core-4.0.2.jar;D:\BaseTools\BaseTools\Maven\repository\org\eclipse\angus\angus-activation\2.0.0\angus-activation-2.0.0.jar;D:\BaseTools\BaseTools\Maven\repository\com\sun\xml\bind\jaxb-impl\4.0.2\jaxb-impl-4.0.2.jar;D:\BaseTools\BaseTools\Maven\repository\com\aliyun\alibabacloud-gateway-spi\0.0.1\alibabacloud-gateway-spi-0.0.1.jar;D:\BaseTools\BaseTools\Maven\repository\com\aliyun\tea-xml\0.1.5\tea-xml-0.1.5.jar;D:\BaseTools\BaseTools\Maven\repository\org\dom4j\dom4j\2.0.3\dom4j-2.0.3.jar;D:\BaseTools\BaseTools\Maven\repository\com\aliyun\openapiutil\0.2.0\openapiutil-0.2.0.jar;D:\BaseTools\BaseTools\Maven\repository\org\bouncycastle\bcpkix-jdk15on\1.65\bcpkix-jdk15on-1.65.jar;D:\BaseTools\BaseTools\Maven\repository\org\bouncycastle\bcprov-jdk15on\1.65\bcprov-jdk15on-1.65.jar;D:\code\IdeaProjects\lease\model\target\model-1.0-SNAPSHOT.jar;D:\BaseTools\BaseTools\Maven\repository\org\springframework\boot\spring-boot-starter-web\3.0.5\spring-boot-starter-web-3.0.5.jar;D:\BaseTools\BaseTools\Maven\repository\org\springframework\boot\spring-boot-starter\3.0.5\spring-boot-starter-3.0.5.jar;D:\BaseTools\BaseTools\Maven\repository\org\springframework\boot\spring-boot\3.0.5\spring-boot-3.0.5.jar;D:\BaseTools\BaseTools\Maven\repository\org\springframework\boot\spring-boot-starter-logging\3.0.5\spring-boot-starter-logging-3.0.5.jar;D:\BaseTools\BaseTools\Maven\repository\ch\qos\logback\logback-classic\1.4.6\logback-classic-1.4.6.jar;D:\BaseTools\BaseTools\Maven\repository\ch\qos\logback\logback-core\1.4.6\logback-core-1.4.6.jar;D:\BaseTools\BaseTools\Maven\repository\org\apache\logging\log4j\log4j-to-slf4j\2.19.0\log4j-to-slf4j-2.19.0.jar;D:\BaseTools\BaseTools\Maven\repository\org\apache\logging\log4j\log4j-api\2.19.0\log4j-api-2.19.0.jar;D:\BaseTools\BaseTools\Maven\repository\org\slf4j\jul-to-slf4j\2.0.7\jul-to-slf4j-2.0.7.jar;D:\BaseTools\BaseTools\Maven\repository\jakarta\annotation\jakarta.annotation-api\2.1.1\jakarta.annotation-api-2.1.1.jar;D:\BaseTools\BaseTools\Maven\repository\org\yaml\snakeyaml\1.33\snakeyaml-1.33.jar;D:\BaseTools\BaseTools\Maven\repository\org\springframework\boot\spring-boot-starter-json\3.0.5\spring-boot-starter-json-3.0.5.jar;D:\BaseTools\BaseTools\Maven\repository\com\fasterxml\jackson\datatype\jackson-datatype-jdk8\2.14.2\jackson-datatype-jdk8-2.14.2.jar;D:\BaseTools\BaseTools\Maven\repository\com\fasterxml\jackson\datatype\jackson-datatype-jsr310\2.14.2\jackson-datatype-jsr310-2.14.2.jar;D:\BaseTools\BaseTools\Maven\repository\com\fasterxml\jackson\module\jackson-module-parameter-names\2.14.2\jackson-module-parameter-names-2.14.2.jar;D:\BaseTools\BaseTools\Maven\repository\org\springframework\boot\spring-boot-starter-tomcat\3.0.5\spring-boot-starter-tomcat-3.0.5.jar;D:\BaseTools\BaseTools\Maven\repository\org\apache\tomcat\embed\tomcat-embed-core\10.1.7\tomcat-embed-core-10.1.7.jar;D:\BaseTools\BaseTools\Maven\repository\org\apache\tomcat\embed\tomcat-embed-el\10.1.7\tomcat-embed-el-10.1.7.jar;D:\BaseTools\BaseTools\Maven\repository\org\apache\tomcat\embed\tomcat-embed-websocket\10.1.7\tomcat-embed-websocket-10.1.7.jar;D:\BaseTools\BaseTools\Maven\repository\org\springframework\spring-web\6.0.7\spring-web-6.0.7.jar;D:\BaseTools\BaseTools\Maven\repository\org\springframework\spring-beans\6.0.7\spring-beans-6.0.7.jar;D:\BaseTools\BaseTools\Maven\repository\io\micrometer\micrometer-observation\1.10.5\micrometer-observation-1.10.5.jar;D:\BaseTools\BaseTools\Maven\repository\io\micrometer\micrometer-commons\1.10.5\micrometer-commons-1.10.5.jar;D:\BaseTools\BaseTools\Maven\repository\org\springframework\spring-webmvc\6.0.7\spring-webmvc-6.0.7.jar;D:\BaseTools\BaseTools\Maven\repository\org\springframework\spring-aop\6.0.7\spring-aop-6.0.7.jar;D:\BaseTools\BaseTools\Maven\repository\org\springframework\spring-context\6.0.7\spring-context-6.0.7.jar;D:\BaseTools\BaseTools\Maven\repository\org\springframework\spring-expression\6.0.7\spring-expression-6.0.7.jar;D:\BaseTools\BaseTools\Maven\repository\org\springframework\boot\spring-boot-starter-test\3.0.5\spring-boot-starter-test-3.0.5.jar;D:\BaseTools\BaseTools\Maven\repository\org\springframework\boot\spring-boot-test\3.0.5\spring-boot-test-3.0.5.jar;D:\BaseTools\BaseTools\Maven\repository\org\springframework\boot\spring-boot-test-autoconfigure\3.0.5\spring-boot-test-autoconfigure-3.0.5.jar;D:\BaseTools\BaseTools\Maven\repository\com\jayway\jsonpath\json-path\2.7.0\json-path-2.7.0.jar;D:\BaseTools\BaseTools\Maven\repository\net\minidev\json-smart\2.4.10\json-smart-2.4.10.jar;D:\BaseTools\BaseTools\Maven\repository\net\minidev\accessors-smart\2.4.9\accessors-smart-2.4.9.jar;D:\BaseTools\BaseTools\Maven\repository\org\ow2\asm\asm\9.3\asm-9.3.jar;D:\BaseTools\BaseTools\Maven\repository\org\slf4j\slf4j-api\2.0.7\slf4j-api-2.0.7.jar;D:\BaseTools\BaseTools\Maven\repository\jakarta\xml\bind\jakarta.xml.bind-api\4.0.0\jakarta.xml.bind-api-4.0.0.jar;D:\BaseTools\BaseTools\Maven\repository\jakarta\activation\jakarta.activation-api\2.1.1\jakarta.activation-api-2.1.1.jar;D:\BaseTools\BaseTools\Maven\repository\org\assertj\assertj-core\3.23.1\assertj-core-3.23.1.jar;D:\BaseTools\BaseTools\Maven\repository\net\bytebuddy\byte-buddy\1.12.23\byte-buddy-1.12.23.jar;D:\BaseTools\BaseTools\Maven\repository\org\hamcrest\hamcrest\2.2\hamcrest-2.2.jar;D:\BaseTools\BaseTools\Maven\repository\org\junit\jupiter\junit-jupiter\5.9.2\junit-jupiter-5.9.2.jar;D:\BaseTools\BaseTools\Maven\repository\org\junit\jupiter\junit-jupiter-api\5.9.2\junit-jupiter-api-5.9.2.jar;D:\BaseTools\BaseTools\Maven\repository\org\opentest4j\opentest4j\1.2.0\opentest4j-1.2.0.jar;D:\BaseTools\BaseTools\Maven\repository\org\junit\platform\junit-platform-commons\1.9.2\junit-platform-commons-1.9.2.jar;D:\BaseTools\BaseTools\Maven\repository\org\apiguardian\apiguardian-api\1.1.2\apiguardian-api-1.1.2.jar;D:\BaseTools\BaseTools\Maven\repository\org\junit\jupiter\junit-jupiter-params\5.9.2\junit-jupiter-params-5.9.2.jar;D:\BaseTools\BaseTools\Maven\repository\org\junit\jupiter\junit-jupiter-engine\5.9.2\junit-jupiter-engine-5.9.2.jar;D:\BaseTools\BaseTools\Maven\repository\org\junit\platform\junit-platform-engine\1.9.2\junit-platform-engine-1.9.2.jar;D:\BaseTools\BaseTools\Maven\repository\org\mockito\mockito-core\4.8.1\mockito-core-4.8.1.jar;D:\BaseTools\BaseTools\Maven\repository\net\bytebuddy\byte-buddy-agent\1.12.23\byte-buddy-agent-1.12.23.jar;D:\BaseTools\BaseTools\Maven\repository\org\objenesis\objenesis\3.2\objenesis-3.2.jar;D:\BaseTools\BaseTools\Maven\repository\org\mockito\mockito-junit-jupiter\4.8.1\mockito-junit-jupiter-4.8.1.jar;D:\BaseTools\BaseTools\Maven\repository\org\skyscreamer\jsonassert\1.5.1\jsonassert-1.5.1.jar;D:\BaseTools\BaseTools\Maven\repository\com\vaadin\external\google\android-json\0.0.20131108.vaadin1\android-json-0.0.20131108.vaadin1.jar;D:\BaseTools\BaseTools\Maven\repository\org\springframework\spring-core\6.0.7\spring-core-6.0.7.jar;D:\BaseTools\BaseTools\Maven\repository\org\springframework\spring-jcl\6.0.7\spring-jcl-6.0.7.jar;D:\BaseTools\BaseTools\Maven\repository\org\springframework\spring-test\6.0.7\spring-test-6.0.7.jar;D:\BaseTools\BaseTools\Maven\repository\org\xmlunit\xmlunit-core\2.9.1\xmlunit-core-2.9.1.jar;D:\BaseTools\BaseTools\Maven\repository\com\github\xiaoymin\knife4j-openapi3-jakarta-spring-boot-starter\4.1.0\knife4j-openapi3-jakarta-spring-boot-starter-4.1.0.jar;D:\BaseTools\BaseTools\Maven\repository\com\github\xiaoymin\knife4j-core\4.1.0\knife4j-core-4.1.0.jar;D:\BaseTools\BaseTools\Maven\repository\com\github\xiaoymin\knife4j-openapi3-ui\4.1.0\knife4j-openapi3-ui-4.1.0.jar;D:\BaseTools\BaseTools\Maven\repository\org\springdoc\springdoc-openapi-starter-common\2.0.4\springdoc-openapi-starter-common-2.0.4.jar;D:\BaseTools\BaseTools\Maven\repository\io\swagger\core\v3\swagger-core-jakarta\2.2.8\swagger-core-jakarta-2.2.8.jar;D:\BaseTools\BaseTools\Maven\repository\org\apache\commons\commons-lang3\3.12.0\commons-lang3-3.12.0.jar;D:\BaseTools\BaseTools\Maven\repository\jakarta\validation\jakarta.validation-api\3.0.2\jakarta.validation-api-3.0.2.jar;D:\BaseTools\BaseTools\Maven\repository\com\fasterxml\jackson\dataformat\jackson-dataformat-yaml\2.14.2\jackson-dataformat-yaml-2.14.2.jar;D:\BaseTools\BaseTools\Maven\repository\org\springdoc\springdoc-openapi-starter-webflux-ui\2.0.4\springdoc-openapi-starter-webflux-ui-2.0.4.jar;D:\BaseTools\BaseTools\Maven\repository\org\springdoc\springdoc-openapi-starter-webflux-api\2.0.4\springdoc-openapi-starter-webflux-api-2.0.4.jar;D:\BaseTools\BaseTools\Maven\repository\org\springframework\spring-webflux\6.0.7\spring-webflux-6.0.7.jar;D:\BaseTools\BaseTools\Maven\repository\org\webjars\swagger-ui\4.18.1\swagger-ui-4.18.1.jar;D:\BaseTools\BaseTools\Maven\repository\org\webjars\webjars-locator-core\0.52\webjars-locator-core-0.52.jar;D:\BaseTools\BaseTools\Maven\repository\io\github\classgraph\classgraph\4.8.149\classgraph-4.8.149.jar;D:\BaseTools\BaseTools\Maven\repository\org\springdoc\springdoc-openapi-starter-webmvc-ui\2.0.4\springdoc-openapi-starter-webmvc-ui-2.0.4.jar;D:\BaseTools\BaseTools\Maven\repository\org\springdoc\springdoc-openapi-starter-webmvc-api\2.0.4\springdoc-openapi-starter-webmvc-api-2.0.4.jar;D:\BaseTools\BaseTools\Maven\repository\io\swagger\core\v3\swagger-annotations-jakarta\2.2.8\swagger-annotations-jakarta-2.2.8.jar;D:\BaseTools\BaseTools\Maven\repository\io\swagger\core\v3\swagger-models-jakarta\2.2.8\swagger-models-jakarta-2.2.8.jar;"/>
    <property name="java.vm.vendor" value="Amazon.com Inc."/>
    <property name="sun.arch.data.model" value="64"/>
    <property name="user.variant" value=""/>
    <property name="java.vendor.url" value="https://aws.amazon.com/corretto/"/>
    <property name="user.timezone" value="GMT+08:00"/>
    <property name="os.name" value="Windows 11"/>
    <property name="java.vm.specification.version" value="17"/>
    <property name="sun.java.launcher" value="SUN_STANDARD"/>
    <property name="user.country" value="CN"/>
    <property name="sun.boot.library.path" value="D:\Users\86195\.jdks\corretto-17.0.11\bin"/>
    <property name="sun.java.command" value="C:\Users\86195\AppData\Local\Temp\surefire10935909041707863361\surefirebooter16423781468759964960.jar C:\Users\86195\AppData\Local\Temp\surefire10935909041707863361 2024-08-15T18-30-16_801-jvmRun1 surefire1642458608484620104tmp surefire_115353550695930954362tmp"/>
    <property name="jdk.debug" value="release"/>
    <property name="surefire.test.class.path" value="D:\code\IdeaProjects\lease\web\web-app\target\test-classes;D:\code\IdeaProjects\lease\web\web-app\target\classes;D:\code\IdeaProjects\lease\common\target\common-1.0-SNAPSHOT.jar;D:\BaseTools\BaseTools\Maven\repository\com\baomidou\mybatis-plus-boot-starter\3.5.3.1\mybatis-plus-boot-starter-3.5.3.1.jar;D:\BaseTools\BaseTools\Maven\repository\com\baomidou\mybatis-plus\3.5.3.1\mybatis-plus-3.5.3.1.jar;D:\BaseTools\BaseTools\Maven\repository\com\baomidou\mybatis-plus-extension\3.5.3.1\mybatis-plus-extension-3.5.3.1.jar;D:\BaseTools\BaseTools\Maven\repository\com\baomidou\mybatis-plus-core\3.5.3.1\mybatis-plus-core-3.5.3.1.jar;D:\BaseTools\BaseTools\Maven\repository\com\baomidou\mybatis-plus-annotation\3.5.3.1\mybatis-plus-annotation-3.5.3.1.jar;D:\BaseTools\BaseTools\Maven\repository\com\github\jsqlparser\jsqlparser\4.4\jsqlparser-4.4.jar;D:\BaseTools\BaseTools\Maven\repository\org\mybatis\mybatis\3.5.10\mybatis-3.5.10.jar;D:\BaseTools\BaseTools\Maven\repository\org\mybatis\mybatis-spring\2.0.7\mybatis-spring-2.0.7.jar;D:\BaseTools\BaseTools\Maven\repository\org\springframework\boot\spring-boot-autoconfigure\3.0.5\spring-boot-autoconfigure-3.0.5.jar;D:\BaseTools\BaseTools\Maven\repository\org\springframework\boot\spring-boot-starter-jdbc\3.0.5\spring-boot-starter-jdbc-3.0.5.jar;D:\BaseTools\BaseTools\Maven\repository\com\zaxxer\HikariCP\5.0.1\HikariCP-5.0.1.jar;D:\BaseTools\BaseTools\Maven\repository\org\springframework\spring-jdbc\6.0.7\spring-jdbc-6.0.7.jar;D:\BaseTools\BaseTools\Maven\repository\com\mysql\mysql-connector-j\8.0.32\mysql-connector-j-8.0.32.jar;D:\BaseTools\BaseTools\Maven\repository\org\projectlombok\lombok\1.18.26\lombok-1.18.26.jar;D:\BaseTools\BaseTools\Maven\repository\io\minio\minio\8.2.0\minio-8.2.0.jar;D:\BaseTools\BaseTools\Maven\repository\com\carrotsearch\thirdparty\simple-xml-safe\2.7.1\simple-xml-safe-2.7.1.jar;D:\BaseTools\BaseTools\Maven\repository\com\google\guava\guava\29.0-jre\guava-29.0-jre.jar;D:\BaseTools\BaseTools\Maven\repository\com\google\guava\failureaccess\1.0.1\failureaccess-1.0.1.jar;D:\BaseTools\BaseTools\Maven\repository\com\google\guava\listenablefuture\9999.0-empty-to-avoid-conflict-with-guava\listenablefuture-9999.0-empty-to-avoid-conflict-with-guava.jar;D:\BaseTools\BaseTools\Maven\repository\com\google\code\findbugs\jsr305\3.0.2\jsr305-3.0.2.jar;D:\BaseTools\BaseTools\Maven\repository\org\checkerframework\checker-qual\2.11.1\checker-qual-2.11.1.jar;D:\BaseTools\BaseTools\Maven\repository\com\google\errorprone\error_prone_annotations\2.3.4\error_prone_annotations-2.3.4.jar;D:\BaseTools\BaseTools\Maven\repository\com\google\j2objc\j2objc-annotations\1.3\j2objc-annotations-1.3.jar;D:\BaseTools\BaseTools\Maven\repository\com\squareup\okhttp3\okhttp\4.10.0\okhttp-4.10.0.jar;D:\BaseTools\BaseTools\Maven\repository\com\squareup\okio\okio-jvm\3.0.0\okio-jvm-3.0.0.jar;D:\BaseTools\BaseTools\Maven\repository\org\jetbrains\kotlin\kotlin-stdlib-jdk8\1.7.22\kotlin-stdlib-jdk8-1.7.22.jar;D:\BaseTools\BaseTools\Maven\repository\org\jetbrains\kotlin\kotlin-stdlib-jdk7\1.7.22\kotlin-stdlib-jdk7-1.7.22.jar;D:\BaseTools\BaseTools\Maven\repository\org\jetbrains\kotlin\kotlin-stdlib-common\1.7.22\kotlin-stdlib-common-1.7.22.jar;D:\BaseTools\BaseTools\Maven\repository\org\jetbrains\kotlin\kotlin-stdlib\1.7.22\kotlin-stdlib-1.7.22.jar;D:\BaseTools\BaseTools\Maven\repository\org\jetbrains\annotations\13.0\annotations-13.0.jar;D:\BaseTools\BaseTools\Maven\repository\com\fasterxml\jackson\core\jackson-annotations\2.14.2\jackson-annotations-2.14.2.jar;D:\BaseTools\BaseTools\Maven\repository\com\fasterxml\jackson\core\jackson-core\2.14.2\jackson-core-2.14.2.jar;D:\BaseTools\BaseTools\Maven\repository\com\fasterxml\jackson\core\jackson-databind\2.14.2\jackson-databind-2.14.2.jar;D:\BaseTools\BaseTools\Maven\repository\commons-codec\commons-codec\1.15\commons-codec-1.15.jar;D:\BaseTools\BaseTools\Maven\repository\com\github\whvcse\easy-captcha\1.6.2\easy-captcha-1.6.2.jar;D:\BaseTools\BaseTools\Maven\repository\org\springframework\boot\spring-boot-starter-data-redis\3.0.5\spring-boot-starter-data-redis-3.0.5.jar;D:\BaseTools\BaseTools\Maven\repository\org\springframework\data\spring-data-redis\3.0.4\spring-data-redis-3.0.4.jar;D:\BaseTools\BaseTools\Maven\repository\org\springframework\data\spring-data-keyvalue\3.0.4\spring-data-keyvalue-3.0.4.jar;D:\BaseTools\BaseTools\Maven\repository\org\springframework\data\spring-data-commons\3.0.4\spring-data-commons-3.0.4.jar;D:\BaseTools\BaseTools\Maven\repository\org\springframework\spring-tx\6.0.7\spring-tx-6.0.7.jar;D:\BaseTools\BaseTools\Maven\repository\org\springframework\spring-oxm\6.0.7\spring-oxm-6.0.7.jar;D:\BaseTools\BaseTools\Maven\repository\org\springframework\spring-context-support\6.0.7\spring-context-support-6.0.7.jar;D:\BaseTools\BaseTools\Maven\repository\io\lettuce\lettuce-core\6.2.3.RELEASE\lettuce-core-6.2.3.RELEASE.jar;D:\BaseTools\BaseTools\Maven\repository\io\netty\netty-common\4.1.90.Final\netty-common-4.1.90.Final.jar;D:\BaseTools\BaseTools\Maven\repository\io\netty\netty-handler\4.1.90.Final\netty-handler-4.1.90.Final.jar;D:\BaseTools\BaseTools\Maven\repository\io\netty\netty-resolver\4.1.90.Final\netty-resolver-4.1.90.Final.jar;D:\BaseTools\BaseTools\Maven\repository\io\netty\netty-buffer\4.1.90.Final\netty-buffer-4.1.90.Final.jar;D:\BaseTools\BaseTools\Maven\repository\io\netty\netty-transport-native-unix-common\4.1.90.Final\netty-transport-native-unix-common-4.1.90.Final.jar;D:\BaseTools\BaseTools\Maven\repository\io\netty\netty-codec\4.1.90.Final\netty-codec-4.1.90.Final.jar;D:\BaseTools\BaseTools\Maven\repository\io\netty\netty-transport\4.1.90.Final\netty-transport-4.1.90.Final.jar;D:\BaseTools\BaseTools\Maven\repository\io\projectreactor\reactor-core\3.5.4\reactor-core-3.5.4.jar;D:\BaseTools\BaseTools\Maven\repository\org\reactivestreams\reactive-streams\1.0.4\reactive-streams-1.0.4.jar;D:\BaseTools\BaseTools\Maven\repository\io\jsonwebtoken\jjwt-api\0.11.2\jjwt-api-0.11.2.jar;D:\BaseTools\BaseTools\Maven\repository\io\jsonwebtoken\jjwt-impl\0.11.2\jjwt-impl-0.11.2.jar;D:\BaseTools\BaseTools\Maven\repository\io\jsonwebtoken\jjwt-jackson\0.11.2\jjwt-jackson-0.11.2.jar;D:\BaseTools\BaseTools\Maven\repository\com\aliyun\dysmsapi20170525\2.0.23\dysmsapi20170525-2.0.23.jar;D:\BaseTools\BaseTools\Maven\repository\com\aliyun\tea-util\0.2.16\tea-util-0.2.16.jar;D:\BaseTools\BaseTools\Maven\repository\com\google\code\gson\gson\2.9.1\gson-2.9.1.jar;D:\BaseTools\BaseTools\Maven\repository\com\aliyun\endpoint-util\0.0.7\endpoint-util-0.0.7.jar;D:\BaseTools\BaseTools\Maven\repository\com\aliyun\tea\1.2.0\tea-1.2.0.jar;D:\BaseTools\BaseTools\Maven\repository\org\jacoco\org.jacoco.agent\0.8.4\org.jacoco.agent-0.8.4-runtime.jar;D:\BaseTools\BaseTools\Maven\repository\com\aliyun\tea-openapi\0.2.8\tea-openapi-0.2.8.jar;D:\BaseTools\BaseTools\Maven\repository\com\aliyun\credentials-java\0.2.4\credentials-java-0.2.4.jar;D:\BaseTools\BaseTools\Maven\repository\org\ini4j\ini4j\0.5.4\ini4j-0.5.4.jar;D:\BaseTools\BaseTools\Maven\repository\javax\xml\bind\jaxb-api\2.3.0\jaxb-api-2.3.0.jar;D:\BaseTools\BaseTools\Maven\repository\com\sun\xml\bind\jaxb-core\4.0.2\jaxb-core-4.0.2.jar;D:\BaseTools\BaseTools\Maven\repository\org\eclipse\angus\angus-activation\2.0.0\angus-activation-2.0.0.jar;D:\BaseTools\BaseTools\Maven\repository\com\sun\xml\bind\jaxb-impl\4.0.2\jaxb-impl-4.0.2.jar;D:\BaseTools\BaseTools\Maven\repository\com\aliyun\alibabacloud-gateway-spi\0.0.1\alibabacloud-gateway-spi-0.0.1.jar;D:\BaseTools\BaseTools\Maven\repository\com\aliyun\tea-xml\0.1.5\tea-xml-0.1.5.jar;D:\BaseTools\BaseTools\Maven\repository\org\dom4j\dom4j\2.0.3\dom4j-2.0.3.jar;D:\BaseTools\BaseTools\Maven\repository\com\aliyun\openapiutil\0.2.0\openapiutil-0.2.0.jar;D:\BaseTools\BaseTools\Maven\repository\org\bouncycastle\bcpkix-jdk15on\1.65\bcpkix-jdk15on-1.65.jar;D:\BaseTools\BaseTools\Maven\repository\org\bouncycastle\bcprov-jdk15on\1.65\bcprov-jdk15on-1.65.jar;D:\code\IdeaProjects\lease\model\target\model-1.0-SNAPSHOT.jar;D:\BaseTools\BaseTools\Maven\repository\org\springframework\boot\spring-boot-starter-web\3.0.5\spring-boot-starter-web-3.0.5.jar;D:\BaseTools\BaseTools\Maven\repository\org\springframework\boot\spring-boot-starter\3.0.5\spring-boot-starter-3.0.5.jar;D:\BaseTools\BaseTools\Maven\repository\org\springframework\boot\spring-boot\3.0.5\spring-boot-3.0.5.jar;D:\BaseTools\BaseTools\Maven\repository\org\springframework\boot\spring-boot-starter-logging\3.0.5\spring-boot-starter-logging-3.0.5.jar;D:\BaseTools\BaseTools\Maven\repository\ch\qos\logback\logback-classic\1.4.6\logback-classic-1.4.6.jar;D:\BaseTools\BaseTools\Maven\repository\ch\qos\logback\logback-core\1.4.6\logback-core-1.4.6.jar;D:\BaseTools\BaseTools\Maven\repository\org\apache\logging\log4j\log4j-to-slf4j\2.19.0\log4j-to-slf4j-2.19.0.jar;D:\BaseTools\BaseTools\Maven\repository\org\apache\logging\log4j\log4j-api\2.19.0\log4j-api-2.19.0.jar;D:\BaseTools\BaseTools\Maven\repository\org\slf4j\jul-to-slf4j\2.0.7\jul-to-slf4j-2.0.7.jar;D:\BaseTools\BaseTools\Maven\repository\jakarta\annotation\jakarta.annotation-api\2.1.1\jakarta.annotation-api-2.1.1.jar;D:\BaseTools\BaseTools\Maven\repository\org\yaml\snakeyaml\1.33\snakeyaml-1.33.jar;D:\BaseTools\BaseTools\Maven\repository\org\springframework\boot\spring-boot-starter-json\3.0.5\spring-boot-starter-json-3.0.5.jar;D:\BaseTools\BaseTools\Maven\repository\com\fasterxml\jackson\datatype\jackson-datatype-jdk8\2.14.2\jackson-datatype-jdk8-2.14.2.jar;D:\BaseTools\BaseTools\Maven\repository\com\fasterxml\jackson\datatype\jackson-datatype-jsr310\2.14.2\jackson-datatype-jsr310-2.14.2.jar;D:\BaseTools\BaseTools\Maven\repository\com\fasterxml\jackson\module\jackson-module-parameter-names\2.14.2\jackson-module-parameter-names-2.14.2.jar;D:\BaseTools\BaseTools\Maven\repository\org\springframework\boot\spring-boot-starter-tomcat\3.0.5\spring-boot-starter-tomcat-3.0.5.jar;D:\BaseTools\BaseTools\Maven\repository\org\apache\tomcat\embed\tomcat-embed-core\10.1.7\tomcat-embed-core-10.1.7.jar;D:\BaseTools\BaseTools\Maven\repository\org\apache\tomcat\embed\tomcat-embed-el\10.1.7\tomcat-embed-el-10.1.7.jar;D:\BaseTools\BaseTools\Maven\repository\org\apache\tomcat\embed\tomcat-embed-websocket\10.1.7\tomcat-embed-websocket-10.1.7.jar;D:\BaseTools\BaseTools\Maven\repository\org\springframework\spring-web\6.0.7\spring-web-6.0.7.jar;D:\BaseTools\BaseTools\Maven\repository\org\springframework\spring-beans\6.0.7\spring-beans-6.0.7.jar;D:\BaseTools\BaseTools\Maven\repository\io\micrometer\micrometer-observation\1.10.5\micrometer-observation-1.10.5.jar;D:\BaseTools\BaseTools\Maven\repository\io\micrometer\micrometer-commons\1.10.5\micrometer-commons-1.10.5.jar;D:\BaseTools\BaseTools\Maven\repository\org\springframework\spring-webmvc\6.0.7\spring-webmvc-6.0.7.jar;D:\BaseTools\BaseTools\Maven\repository\org\springframework\spring-aop\6.0.7\spring-aop-6.0.7.jar;D:\BaseTools\BaseTools\Maven\repository\org\springframework\spring-context\6.0.7\spring-context-6.0.7.jar;D:\BaseTools\BaseTools\Maven\repository\org\springframework\spring-expression\6.0.7\spring-expression-6.0.7.jar;D:\BaseTools\BaseTools\Maven\repository\org\springframework\boot\spring-boot-starter-test\3.0.5\spring-boot-starter-test-3.0.5.jar;D:\BaseTools\BaseTools\Maven\repository\org\springframework\boot\spring-boot-test\3.0.5\spring-boot-test-3.0.5.jar;D:\BaseTools\BaseTools\Maven\repository\org\springframework\boot\spring-boot-test-autoconfigure\3.0.5\spring-boot-test-autoconfigure-3.0.5.jar;D:\BaseTools\BaseTools\Maven\repository\com\jayway\jsonpath\json-path\2.7.0\json-path-2.7.0.jar;D:\BaseTools\BaseTools\Maven\repository\net\minidev\json-smart\2.4.10\json-smart-2.4.10.jar;D:\BaseTools\BaseTools\Maven\repository\net\minidev\accessors-smart\2.4.9\accessors-smart-2.4.9.jar;D:\BaseTools\BaseTools\Maven\repository\org\ow2\asm\asm\9.3\asm-9.3.jar;D:\BaseTools\BaseTools\Maven\repository\org\slf4j\slf4j-api\2.0.7\slf4j-api-2.0.7.jar;D:\BaseTools\BaseTools\Maven\repository\jakarta\xml\bind\jakarta.xml.bind-api\4.0.0\jakarta.xml.bind-api-4.0.0.jar;D:\BaseTools\BaseTools\Maven\repository\jakarta\activation\jakarta.activation-api\2.1.1\jakarta.activation-api-2.1.1.jar;D:\BaseTools\BaseTools\Maven\repository\org\assertj\assertj-core\3.23.1\assertj-core-3.23.1.jar;D:\BaseTools\BaseTools\Maven\repository\net\bytebuddy\byte-buddy\1.12.23\byte-buddy-1.12.23.jar;D:\BaseTools\BaseTools\Maven\repository\org\hamcrest\hamcrest\2.2\hamcrest-2.2.jar;D:\BaseTools\BaseTools\Maven\repository\org\junit\jupiter\junit-jupiter\5.9.2\junit-jupiter-5.9.2.jar;D:\BaseTools\BaseTools\Maven\repository\org\junit\jupiter\junit-jupiter-api\5.9.2\junit-jupiter-api-5.9.2.jar;D:\BaseTools\BaseTools\Maven\repository\org\opentest4j\opentest4j\1.2.0\opentest4j-1.2.0.jar;D:\BaseTools\BaseTools\Maven\repository\org\junit\platform\junit-platform-commons\1.9.2\junit-platform-commons-1.9.2.jar;D:\BaseTools\BaseTools\Maven\repository\org\apiguardian\apiguardian-api\1.1.2\apiguardian-api-1.1.2.jar;D:\BaseTools\BaseTools\Maven\repository\org\junit\jupiter\junit-jupiter-params\5.9.2\junit-jupiter-params-5.9.2.jar;D:\BaseTools\BaseTools\Maven\repository\org\junit\jupiter\junit-jupiter-engine\5.9.2\junit-jupiter-engine-5.9.2.jar;D:\BaseTools\BaseTools\Maven\repository\org\junit\platform\junit-platform-engine\1.9.2\junit-platform-engine-1.9.2.jar;D:\BaseTools\BaseTools\Maven\repository\org\mockito\mockito-core\4.8.1\mockito-core-4.8.1.jar;D:\BaseTools\BaseTools\Maven\repository\net\bytebuddy\byte-buddy-agent\1.12.23\byte-buddy-agent-1.12.23.jar;D:\BaseTools\BaseTools\Maven\repository\org\objenesis\objenesis\3.2\objenesis-3.2.jar;D:\BaseTools\BaseTools\Maven\repository\org\mockito\mockito-junit-jupiter\4.8.1\mockito-junit-jupiter-4.8.1.jar;D:\BaseTools\BaseTools\Maven\repository\org\skyscreamer\jsonassert\1.5.1\jsonassert-1.5.1.jar;D:\BaseTools\BaseTools\Maven\repository\com\vaadin\external\google\android-json\0.0.20131108.vaadin1\android-json-0.0.20131108.vaadin1.jar;D:\BaseTools\BaseTools\Maven\repository\org\springframework\spring-core\6.0.7\spring-core-6.0.7.jar;D:\BaseTools\BaseTools\Maven\repository\org\springframework\spring-jcl\6.0.7\spring-jcl-6.0.7.jar;D:\BaseTools\BaseTools\Maven\repository\org\springframework\spring-test\6.0.7\spring-test-6.0.7.jar;D:\BaseTools\BaseTools\Maven\repository\org\xmlunit\xmlunit-core\2.9.1\xmlunit-core-2.9.1.jar;D:\BaseTools\BaseTools\Maven\repository\com\github\xiaoymin\knife4j-openapi3-jakarta-spring-boot-starter\4.1.0\knife4j-openapi3-jakarta-spring-boot-starter-4.1.0.jar;D:\BaseTools\BaseTools\Maven\repository\com\github\xiaoymin\knife4j-core\4.1.0\knife4j-core-4.1.0.jar;D:\BaseTools\BaseTools\Maven\repository\com\github\xiaoymin\knife4j-openapi3-ui\4.1.0\knife4j-openapi3-ui-4.1.0.jar;D:\BaseTools\BaseTools\Maven\repository\org\springdoc\springdoc-openapi-starter-common\2.0.4\springdoc-openapi-starter-common-2.0.4.jar;D:\BaseTools\BaseTools\Maven\repository\io\swagger\core\v3\swagger-core-jakarta\2.2.8\swagger-core-jakarta-2.2.8.jar;D:\BaseTools\BaseTools\Maven\repository\org\apache\commons\commons-lang3\3.12.0\commons-lang3-3.12.0.jar;D:\BaseTools\BaseTools\Maven\repository\jakarta\validation\jakarta.validation-api\3.0.2\jakarta.validation-api-3.0.2.jar;D:\BaseTools\BaseTools\Maven\repository\com\fasterxml\jackson\dataformat\jackson-dataformat-yaml\2.14.2\jackson-dataformat-yaml-2.14.2.jar;D:\BaseTools\BaseTools\Maven\repository\org\springdoc\springdoc-openapi-starter-webflux-ui\2.0.4\springdoc-openapi-starter-webflux-ui-2.0.4.jar;D:\BaseTools\BaseTools\Maven\repository\org\springdoc\springdoc-openapi-starter-webflux-api\2.0.4\springdoc-openapi-starter-webflux-api-2.0.4.jar;D:\BaseTools\BaseTools\Maven\repository\org\springframework\spring-webflux\6.0.7\spring-webflux-6.0.7.jar;D:\BaseTools\BaseTools\Maven\repository\org\webjars\swagger-ui\4.18.1\swagger-ui-4.18.1.jar;D:\BaseTools\BaseTools\Maven\repository\org\webjars\webjars-locator-core\0.52\webjars-locator-core-0.52.jar;D:\BaseTools\BaseTools\Maven\repository\io\github\classgraph\classgraph\4.8.149\classgraph-4.8.149.jar;D:\BaseTools\BaseTools\Maven\repository\org\springdoc\springdoc-openapi-starter-webmvc-ui\2.0.4\springdoc-openapi-starter-webmvc-ui-2.0.4.jar;D:\BaseTools\BaseTools\Maven\repository\org\springdoc\springdoc-openapi-starter-webmvc-api\2.0.4\springdoc-openapi-starter-webmvc-api-2.0.4.jar;D:\BaseTools\BaseTools\Maven\repository\io\swagger\core\v3\swagger-annotations-jakarta\2.2.8\swagger-annotations-jakarta-2.2.8.jar;D:\BaseTools\BaseTools\Maven\repository\io\swagger\core\v3\swagger-models-jakarta\2.2.8\swagger-models-jakarta-2.2.8.jar;"/>
    <property name="sun.cpu.endian" value="little"/>
    <property name="user.home" value="C:\Users\86195"/>
    <property name="user.language" value="zh"/>
    <property name="java.specification.vendor" value="Oracle Corporation"/>
    <property name="java.version.date" value="2024-04-16"/>
    <property name="java.home" value="D:\Users\86195\.jdks\corretto-17.0.11"/>
    <property name="file.separator" value="\"/>
    <property name="basedir" value="D:\code\IdeaProjects\lease\web\web-app"/>
    <property name="java.vm.compressedOopsMode" value="Zero based"/>
    <property name="line.separator" value="&#10;"/>
    <property name="java.vm.specification.vendor" value="Oracle Corporation"/>
    <property name="java.specification.name" value="Java Platform API Specification"/>
    <property name="surefire.real.class.path" value="C:\Users\86195\AppData\Local\Temp\surefire10935909041707863361\surefirebooter16423781468759964960.jar"/>
    <property name="user.script" value=""/>
    <property name="sun.management.compiler" value="HotSpot 64-Bit Tiered Compilers"/>
    <property name="java.runtime.version" value="17.0.11+9-LTS"/>
    <property name="user.name" value="86195"/>
    <property name="path.separator" value=";"/>
    <property name="os.version" value="10.0"/>
    <property name="java.runtime.name" value="OpenJDK Runtime Environment"/>
    <property name="file.encoding" value="GBK"/>
    <property name="java.vm.name" value="OpenJDK 64-Bit Server VM"/>
    <property name="java.vendor.version" value="Corretto-17.0.11.9.1"/>
    <property name="localRepository" value="D:\BaseTools\BaseTools\Maven\repository"/>
    <property name="java.vendor.url.bug" value="https://github.com/corretto/corretto-17/issues/"/>
    <property name="java.io.tmpdir" value="C:\Users\86195\AppData\Local\Temp\"/>
    <property name="idea.version" value="2022.2.3"/>
    <property name="java.version" value="17.0.11"/>
    <property name="user.dir" value="D:\code\IdeaProjects\lease\web\web-app"/>
    <property name="os.arch" value="amd64"/>
    <property name="java.vm.specification.name" value="Java Virtual Machine Specification"/>
    <property name="sun.os.patch.level" value=""/>
    <property name="native.encoding" value="GBK"/>
    <property name="java.library.path" value="D:\Users\86195\.jdks\corretto-17.0.11\bin;C:\WINDOWS\Sun\Java\bin;C:\WINDOWS\system32;C:\WINDOWS;D:\Program Files (x86)\VMware\VMware Workstation\bin\;D:\BaseTools\BaseTools\Java\jdk-1.8\bin;C:\Program Files (x86)\Common Files\Oracle\Java\javapath;D:\Program Files\MySQL\MySQL Server 8.0\bin;C:\Program Files\Java\jdk1.8.0_121;D:\Program Files (x86)\Tencent\微信web开发者工具\dll;D:\BaseTools\BaseTools\Maven\apache-maven-3.9.6\bin;D:\Program Files\nodejs\;C:\Users\86195\AppData\Local\Programs\Python\Python39\Scripts\;C:\Users\86195\AppData\Local\Programs\Python\Python39\;C:\Users\86195\anaconda3;C:\Users\86195\anaconda3\Library\mingw-w64\bin;C:\Users\86195\anaconda3\Library\usr\bin;C:\Users\86195\anaconda3\Library\bin;C:\Users\86195\anaconda3\Scripts;D:\Program Files\python\Scripts\;D:\Program Files\python\;C:\Users\86195\AppData\Local\Microsoft\WindowsApps;D:\Program Files\JetBrains\PyCharm 2022.3.3\bin;;D:\Program Files\JetBrains\PyCharm Community Edition 2022.3.2\bin;;C:\Users\86195\AppData\Local\Programs\Microsoft VS Code\bin;C:\Program Files\MySQL\MySQL Server 8.0\bin;C:\Users\86195\AppData\Roaming\npm;."/>
    <property name="java.vm.info" value="mixed mode, sharing"/>
    <property name="java.vendor" value="Amazon.com Inc."/>
    <property name="java.vm.version" value="17.0.11+9-LTS"/>
    <property name="sun.io.unicode.encoding" value="UnicodeLittle"/>
    <property name="maven.repo.local" value="D:\BaseTools\BaseTools\Maven\repository"/>
    <property name="java.class.version" value="61.0"/>
  </properties>
  <testcase name="sendCode" classname="com.atguigu.lease.web.app.service.impl.SmsServiceImplTest" time="1.4"/>
</testsuite>